<?xml version="1.0" encoding="UTF-8"?>
<!-- Generated by org.testng.reporters.JUnitReportReporter -->
<testsuite hostname="DESKTOP-4JLF2RS" failures="0" tests="1" name="Test.ZerodhaLoginPageTest" time="9.890" errors="0" timestamp="2022-06-15T23:44:30 IST" skipped="0">
  <testcase classname="Test.ZerodhaLoginPageTest" name="forgotPasswordLinkTest" time="9.890"/>
  <system-out/>
</testsuite> <!-- Test.ZerodhaLoginPageTest -->
