<?xml version="1.0" encoding="UTF-8"?>
<!-- Generated by org.testng.reporters.JUnitReportReporter -->
<testsuite hostname="DESKTOP-4JLF2RS" failures="0" tests="2" name="Test.ZerodhaHomeTest" time="0.024" errors="0" timestamp="2022-06-03T20:26:24 IST" skipped="0">
  <testcase classname="Test.ZerodhaHomeTest" name="test6" time="0.003"/>
  <system-out/>
  <testcase classname="Test.ZerodhaHomeTest" name="test5" time="0.021"/>
  <system-out/>
</testsuite> <!-- Test.ZerodhaHomeTest -->
