<?xml version="1.0" encoding="UTF-8"?>
<!-- Generated by org.testng.reporters.JUnitReportReporter -->
<testsuite hostname="DESKTOP-4JLF2RS" failures="0" tests="1" name="Test.ZerodaPinPageTest" time="25.769" errors="0" timestamp="2022-06-09T14:16:49 IST" skipped="0">
  <testcase classname="Test.ZerodaPinPageTest" name="LoginWithZerodaPinTest" time="25.769"/>
  <system-out/>
</testsuite> <!-- Test.ZerodaPinPageTest -->
