<?xml version="1.0" encoding="UTF-8"?>
<!-- Generated by org.testng.reporters.JUnitReportReporter -->
<testsuite hostname="DESKTOP-4JLF2RS" failures="0" tests="1" name="Test.ZerodhaSignUpPageTest" time="30.522" errors="0" timestamp="2022-06-09T23:32:19 IST" skipped="0">
  <testcase classname="Test.ZerodhaSignUpPageTest" name="SignupTest" time="30.522"/>
  <system-out/>
</testsuite> <!-- Test.ZerodhaSignUpPageTest -->
