<?xml version="1.0" encoding="UTF-8"?>
<!-- Generated by org.testng.reporters.JUnitReportReporter -->
<testsuite hostname="DESKTOP-4JLF2RS" failures="0" tests="2" name="POM.TryZerodhaLoginPage" time="0.010" errors="0" timestamp="2022-06-04T18:53:25 IST" skipped="0">
  <testcase classname="POM.TryZerodhaLoginPage" name="test" time="0.007"/>
  <system-out/>
  <testcase classname="POM.TryZerodhaLoginPage" name="test1" time="0.003"/>
  <system-out/>
</testsuite> <!-- POM.TryZerodhaLoginPage -->
