<?xml version="1.0" encoding="UTF-8"?>
<!-- Generated by org.testng.reporters.JUnitReportReporter -->
<testsuite hostname="DESKTOP-4JLF2RS" failures="0" tests="1" name="Test.ZerodhaDashboardPageTest" time="56.131" errors="0" timestamp="2022-06-15T20:33:58 IST" skipped="0">
  <testcase classname="Test.ZerodhaDashboardPageTest" name="SelectSahre" time="56.131"/>
  <system-out/>
</testsuite> <!-- Test.ZerodhaDashboardPageTest -->
